<?xml version="1.0" encoding="UTF-8"?>
<testsuite name="memory.MemoryFinderTest" tests="1" skipped="0" failures="0" errors="0" timestamp="2025-03-13T14:42:55" hostname="gimseonghun-ui-MacBookPro-2.local" time="0.061">
  <properties/>
  <testcase name="get()" classname="memory.MemoryFinderTest" time="0.061"/>
  <system-out><![CDATA[memoryMemory{used=14394880, max=536870912}
]]></system-out>
  <system-err><![CDATA[]]></system-err>
</testsuite>
